<?xml version="1.0" encoding="UTF-8"?>
<!-- Generated by org.testng.reporters.JUnitXMLReporter -->
<testsuite hostname="qitmac000442deMacBook-Pro.local" ignored="0" name="/Users/qitmac000442/Project/projects/xunit/testng/XunitDemo" tests="7" failures="0" timestamp="23 十二月 2018 09:22:40 GMT" time="0.382" errors="0">
  <testcase name="testLogin" time="0.068" classname="TestXunit.LoginTest"/>
  <testcase name="testLogin" time="0.001" classname="TestXunit.LoginTest"/>
  <testcase name="testLogin" time="0.001" classname="TestXunit.LoginTest"/>
  <testcase name="testLogin" time="0.015" classname="TestXunit.LoginTest"/>
  <testcase name="testGetPrice" time="0.004" classname="TestXunit.ShoppingTest"/>
  <testcase name="testGetPrice" time="0.024" classname="TestXunit.ShoppingTest"/>
  <testcase name="testGetPrice" time="0.0" classname="TestXunit.ShoppingTest"/>
</testsuite> <!-- /Users/qitmac000442/Project/projects/xunit/testng/XunitDemo -->
