<?xml version="1.0" encoding="UTF-8"?>
<testng-results skipped="0" failed="0" ignored="0" total="1" passed="1">
  <reporter-output>
  </reporter-output>
  <suite name="All Test Suite" duration-ms="76" started-at="2018-12-21T10:11:41Z" finished-at="2018-12-21T10:11:41Z">
    <groups>
    </groups>
    <test name="/Users/qitmac000442/Project/projects/xunit/testng/XunitDemo" duration-ms="76" started-at="2018-12-21T10:11:41Z" finished-at="2018-12-21T10:11:41Z">
      <class name="DemoXunit.ShoppingTest">
        <test-method status="PASS" signature="testS(java.lang.String, java.lang.String)[pri:0, instance:DemoXunit.ShoppingTest@256216b3]" name="testS" duration-ms="28" started-at="2018-12-21T10:11:41Z" finished-at="2018-12-21T10:11:41Z">
          <params>
            <param index="0">
              <value>
                <![CDATA[a]]>
              </value>
            </param>
            <param index="1">
              <value>
                <![CDATA[b]]>
              </value>
            </param>
          </params>
          <reporter-output>
          </reporter-output>
        </test-method> <!-- testS -->
      </class> <!-- DemoXunit.ShoppingTest -->
    </test> <!-- /Users/qitmac000442/Project/projects/xunit/testng/XunitDemo -->
  </suite> <!-- All Test Suite -->
</testng-results>
