<?xml version="1.0" encoding="UTF-8"?>
<testng-results skipped="0" failed="0" ignored="0" total="7" passed="7">
  <reporter-output>
  </reporter-output>
  <suite name="All Test Suite" duration-ms="382" started-at="2018-12-23T09:22:39Z" finished-at="2018-12-23T09:22:39Z">
    <groups>
    </groups>
    <test name="/Users/qitmac000442/Project/projects/xunit/testng/XunitDemo" duration-ms="382" started-at="2018-12-23T09:22:39Z" finished-at="2018-12-23T09:22:39Z">
      <class name="TestXunit.ShoppingTest">
        <test-method status="PASS" signature="testGetPrice(int, int)[pri:0, instance:TestXunit.ShoppingTest@5a01ccaa]" name="testGetPrice" duration-ms="4" started-at="2018-12-23T09:22:39Z" data-provider="getProPrice" finished-at="2018-12-23T09:22:39Z">
          <params>
            <param index="0">
              <value>
                <![CDATA[1]]>
              </value>
            </param>
            <param index="1">
              <value>
                <![CDATA[200]]>
              </value>
            </param>
          </params>
          <reporter-output>
          </reporter-output>
        </test-method> <!-- testGetPrice -->
        <test-method status="PASS" signature="testGetPrice(int, int)[pri:0, instance:TestXunit.ShoppingTest@5a01ccaa]" name="testGetPrice" duration-ms="24" started-at="2018-12-23T09:22:39Z" data-provider="getProPrice" finished-at="2018-12-23T09:22:39Z">
          <params>
            <param index="0">
              <value>
                <![CDATA[0]]>
              </value>
            </param>
            <param index="1">
              <value>
                <![CDATA[-1]]>
              </value>
            </param>
          </params>
          <reporter-output>
          </reporter-output>
        </test-method> <!-- testGetPrice -->
        <test-method status="PASS" signature="testGetPrice(int, int)[pri:0, instance:TestXunit.ShoppingTest@5a01ccaa]" name="testGetPrice" duration-ms="0" started-at="2018-12-23T09:22:39Z" data-provider="getProPrice" finished-at="2018-12-23T09:22:39Z">
          <params>
            <param index="0">
              <value>
                <![CDATA[3]]>
              </value>
            </param>
            <param index="1">
              <value>
                <![CDATA[80]]>
              </value>
            </param>
          </params>
          <reporter-output>
          </reporter-output>
        </test-method> <!-- testGetPrice -->
      </class> <!-- TestXunit.ShoppingTest -->
      <class name="TestXunit.LoginTest">
        <test-method status="PASS" signature="testLogin(java.lang.String, java.lang.String, java.lang.String)[pri:0, instance:TestXunit.LoginTest@47f37ef1]" name="testLogin" duration-ms="68" started-at="2018-12-23T09:22:39Z" data-provider="getUsers" finished-at="2018-12-23T09:22:39Z">
          <params>
            <param index="0">
              <value>
                <![CDATA[zhangsan]]>
              </value>
            </param>
            <param index="1">
              <value>
                <![CDATA[123456]]>
              </value>
            </param>
            <param index="2">
              <value>
                <![CDATA[欢迎zhangsan]]>
              </value>
            </param>
          </params>
          <reporter-output>
          </reporter-output>
        </test-method> <!-- testLogin -->
        <test-method status="PASS" signature="testLogin(java.lang.String, java.lang.String, java.lang.String)[pri:0, instance:TestXunit.LoginTest@47f37ef1]" name="testLogin" duration-ms="1" started-at="2018-12-23T09:22:39Z" data-provider="getUsers" finished-at="2018-12-23T09:22:39Z">
          <params>
            <param index="0">
              <value>
                <![CDATA[lisi]]>
              </value>
            </param>
            <param index="1">
              <value>
                <![CDATA[]]>
              </value>
            </param>
            <param index="2">
              <value>
                <![CDATA[用户名或密码不能为空]]>
              </value>
            </param>
          </params>
          <reporter-output>
          </reporter-output>
        </test-method> <!-- testLogin -->
        <test-method status="PASS" signature="testLogin(java.lang.String, java.lang.String, java.lang.String)[pri:0, instance:TestXunit.LoginTest@47f37ef1]" name="testLogin" duration-ms="1" started-at="2018-12-23T09:22:39Z" data-provider="getUsers" finished-at="2018-12-23T09:22:39Z">
          <params>
            <param index="0">
              <value>
                <![CDATA[]]>
              </value>
            </param>
            <param index="1">
              <value>
                <![CDATA[]]>
              </value>
            </param>
            <param index="2">
              <value>
                <![CDATA[用户名或密码不能为空]]>
              </value>
            </param>
          </params>
          <reporter-output>
          </reporter-output>
        </test-method> <!-- testLogin -->
        <test-method status="PASS" signature="testLogin(java.lang.String, java.lang.String, java.lang.String)[pri:0, instance:TestXunit.LoginTest@47f37ef1]" name="testLogin" duration-ms="15" started-at="2018-12-23T09:22:39Z" data-provider="getUsers" finished-at="2018-12-23T09:22:39Z">
          <params>
            <param index="0">
              <value>
                <![CDATA[admin]]>
              </value>
            </param>
            <param index="1">
              <value>
                <![CDATA[123456]]>
              </value>
            </param>
            <param index="2">
              <value>
                <![CDATA[欢迎管理员]]>
              </value>
            </param>
          </params>
          <reporter-output>
          </reporter-output>
        </test-method> <!-- testLogin -->
      </class> <!-- TestXunit.LoginTest -->
    </test> <!-- /Users/qitmac000442/Project/projects/xunit/testng/XunitDemo -->
  </suite> <!-- All Test Suite -->
</testng-results>
