<?xml version="1.0" encoding="UTF-8"?>
<!-- Generated by org.testng.reporters.JUnitXMLReporter -->
<testsuite hostname="qitmac000442deMacBook-Pro.local" ignored="0" name="/Users/qitmac000442/Project/projects/xunit/testng/XunitDemo" tests="4" failures="0" timestamp="23 十二月 2018 08:49:37 GMT" time="0.214" errors="0">
  <testcase name="testLogin" time="0.038" classname="TestXunit.LoginTest"/>
  <testcase name="testLogin" time="0.009" classname="TestXunit.LoginTest"/>
  <testcase name="testLogin" time="0.019" classname="TestXunit.LoginTest"/>
  <testcase name="testLogin" time="0.006" classname="TestXunit.LoginTest"/>
</testsuite> <!-- /Users/qitmac000442/Project/projects/xunit/testng/XunitDemo -->
